<?xml version="1.0" encoding="UTF-8"?>
<testng-results skipped="0" failed="0" ignored="0" total="3" passed="3">
  <reporter-output>
    <line>
      <![CDATA[Reset Password • Instagram]]>
    </line>
    <line>
      <![CDATA[https://www.instagram.com/accounts/password/reset/]]>
    </line>
    <line>
      <![CDATA[Instagram]]>
    </line>
    <line>
      <![CDATA[https://www.instagram.com/]]>
    </line>
    <line>
      <![CDATA[Login • Instagram]]>
    </line>
    <line>
      <![CDATA[https://www.instagram.com/accounts/emailsignup/]]>
    </line>
  </reporter-output>
  <suite name="Suite" duration-ms="86852" started-at="2021-07-24T17:44:01 IST" finished-at="2021-07-24T17:45:28 IST">
    <groups>
    </groups>
    <test name="Test" duration-ms="86852" started-at="2021-07-24T17:44:01 IST" finished-at="2021-07-24T17:45:28 IST">
      <class name="testng.Test3">
        <test-method status="PASS" signature="openApp()[pri:0, instance:testng.Test3@31330c]" name="openApp" is-config="true" duration-ms="26002" started-at="2021-07-24T17:45:00 IST" finished-at="2021-07-24T17:45:26 IST">
          <reporter-output>
          </reporter-output>
        </test-method> <!-- openApp -->
        <test-method status="PASS" signature="CreateNewAccount()[pri:0, instance:testng.Test3@31330c]" name="CreateNewAccount" duration-ms="1397" started-at="2021-07-24T17:45:26 IST" finished-at="2021-07-24T17:45:28 IST">
          <reporter-output>
            <line>
              <![CDATA[Login • Instagram]]>
            </line>
            <line>
              <![CDATA[https://www.instagram.com/accounts/emailsignup/]]>
            </line>
          </reporter-output>
        </test-method> <!-- CreateNewAccount -->
        <test-method status="PASS" signature="closeApp()[pri:0, instance:testng.Test3@31330c]" name="closeApp" is-config="true" duration-ms="0" started-at="2021-07-24T17:45:28 IST" finished-at="2021-07-24T17:45:28 IST">
          <reporter-output>
          </reporter-output>
        </test-method> <!-- closeApp -->
      </class> <!-- testng.Test3 -->
      <class name="testng.Test1">
        <test-method status="PASS" signature="openApp()[pri:0, instance:testng.Test1@153b3e6]" name="openApp" is-config="true" duration-ms="34404" started-at="2021-07-24T17:44:22 IST" finished-at="2021-07-24T17:44:56 IST">
          <reporter-output>
          </reporter-output>
        </test-method> <!-- openApp -->
        <test-method status="PASS" signature="login()[pri:0, instance:testng.Test1@153b3e6]" name="login" duration-ms="2651" started-at="2021-07-24T17:44:56 IST" finished-at="2021-07-24T17:44:59 IST">
          <reporter-output>
            <line>
              <![CDATA[Instagram]]>
            </line>
            <line>
              <![CDATA[https://www.instagram.com/]]>
            </line>
          </reporter-output>
        </test-method> <!-- login -->
        <test-method status="PASS" signature="closeApp()[pri:0, instance:testng.Test1@153b3e6]" name="closeApp" is-config="true" duration-ms="1811" started-at="2021-07-24T17:44:59 IST" finished-at="2021-07-24T17:45:00 IST">
          <reporter-output>
          </reporter-output>
        </test-method> <!-- closeApp -->
      </class> <!-- testng.Test1 -->
      <class name="testng.Test2">
        <test-method status="PASS" signature="openApp()[pri:0, instance:testng.Test2@6d64ab]" name="openApp" is-config="true" duration-ms="16543" started-at="2021-07-24T17:44:01 IST" finished-at="2021-07-24T17:44:18 IST">
          <reporter-output>
          </reporter-output>
        </test-method> <!-- openApp -->
        <test-method status="PASS" signature="forgotPassword()[pri:0, instance:testng.Test2@6d64ab]" name="forgotPassword" duration-ms="3988" started-at="2021-07-24T17:44:18 IST" finished-at="2021-07-24T17:44:22 IST">
          <reporter-output>
            <line>
              <![CDATA[Reset Password • Instagram]]>
            </line>
            <line>
              <![CDATA[https://www.instagram.com/accounts/password/reset/]]>
            </line>
          </reporter-output>
        </test-method> <!-- forgotPassword -->
        <test-method status="PASS" signature="closeApp()[pri:0, instance:testng.Test2@6d64ab]" name="closeApp" is-config="true" duration-ms="1" started-at="2021-07-24T17:44:22 IST" finished-at="2021-07-24T17:44:22 IST">
          <reporter-output>
          </reporter-output>
        </test-method> <!-- closeApp -->
      </class> <!-- testng.Test2 -->
    </test> <!-- Test -->
  </suite> <!-- Suite -->
</testng-results>
